# JRE version: Java(TM) SE Runtime Environment (8.0_181-b13) (build 1.8.0_181-b13)
# Java VM: Java HotSpot(TM) 64-Bit Server VM (25.181-b13 mixed mode windows-amd64 compressed oops)
Heap:
 PSYoungGen      total 18944K, used 6078K [0x00000000eb100000, 0x00000000ed600000, 0x0000000100000000)
  eden space 16384K, 37% used [0x00000000eb100000,0x00000000eb6ef9f8,0x00000000ec100000)
  from space 2560K, 0% used [0x00000000ec380000,0x00000000ec380000,0x00000000ec600000)
  to   space 2560K, 0% used [0x00000000ec100000,0x00000000ec100000,0x00000000ec380000)
 ParOldGen       total 46592K, used 16329K [0x00000000c1200000, 0x00000000c3f80000, 0x00000000eb100000)
  object space 46592K, 35% used [0x00000000c1200000,0x00000000c21f2560,0x00000000c3f80000)
 Metaspace       used 21127K, capacity 21908K, committed 22144K, reserved 1069056K
  class space    used 2868K, capacity 3080K, committed 3200K, reserved 1048576K
GC Heap History (10 events):
Event: 4.256 GC heap before
{Heap before GC invocations=1 (full 0):
 PSYoungGen      total 18944K, used 16384K [0x00000000eb100000, 0x00000000ec600000, 0x0000000100000000)
  eden space 16384K, 100% used [0x00000000eb100000,0x00000000ec100000,0x00000000ec100000)
  from space 2560K, 0% used [0x00000000ec380000,0x00000000ec380000,0x00000000ec600000)
  to   space 2560K, 0% used [0x00000000ec100000,0x00000000ec100000,0x00000000ec380000)
 ParOldGen       total 44032K, used 0K [0x00000000c1200000, 0x00000000c3d00000, 0x00000000eb100000)
  object space 44032K, 0% used [0x00000000c1200000,0x00000000c1200000,0x00000000c3d00000)
 Metaspace       used 10432K, capacity 10858K, committed 11008K, reserved 1058816K
  class space    used 1371K, capacity 1495K, committed 1536K, reserved 1048576K
Event: 4.264 GC heap after
Heap after GC invocations=1 (full 0):
 PSYoungGen      total 18944K, used 2531K [0x00000000eb100000, 0x00000000ec600000, 0x0000000100000000)
  eden space 16384K, 0% used [0x00000000eb100000,0x00000000eb100000,0x00000000ec100000)
  from space 2560K, 98% used [0x00000000ec100000,0x00000000ec378e90,0x00000000ec380000)
  to   space 2560K, 0% used [0x00000000ec380000,0x00000000ec380000,0x00000000ec600000)
 ParOldGen       total 44032K, used 442K [0x00000000c1200000, 0x00000000c3d00000, 0x00000000eb100000)
  object space 44032K, 1% used [0x00000000c1200000,0x00000000c126ea18,0x00000000c3d00000)
 Metaspace       used 10432K, capacity 10858K, committed 11008K, reserved 1058816K
  class space    used 1371K, capacity 1495K, committed 1536K, reserved 1048576K
}
Event: 8.014 GC heap before
{Heap before GC invocations=2 (full 0):
 PSYoungGen      total 18944K, used 18915K [0x00000000eb100000, 0x00000000ec600000, 0x0000000100000000)
  eden space 16384K, 100% used [0x00000000eb100000,0x00000000ec100000,0x00000000ec100000)
  from space 2560K, 98% used [0x00000000ec100000,0x00000000ec378e90,0x00000000ec380000)
  to   space 2560K, 0% used [0x00000000ec380000,0x00000000ec380000,0x00000000ec600000)
 ParOldGen       total 44032K, used 442K [0x00000000c1200000, 0x00000000c3d00000, 0x00000000eb100000)
  object space 44032K, 1% used [0x00000000c1200000,0x00000000c126ea18,0x00000000c3d00000)
 Metaspace       used 15557K, capacity 16170K, committed 16384K, reserved 1062912K
  class space    used 2331K, capacity 2469K, committed 2560K, reserved 1048576K
Event: 8.024 GC heap after
Heap after GC invocations=2 (full 0):
 PSYoungGen      total 18944K, used 2528K [0x00000000eb100000, 0x00000000ec600000, 0x0000000100000000)
  eden space 16384K, 0% used [0x00000000eb100000,0x00000000eb100000,0x00000000ec100000)
  from space 2560K, 98% used [0x00000000ec380000,0x00000000ec5f8020,0x00000000ec600000)
  to   space 2560K, 0% used [0x00000000ec100000,0x00000000ec100000,0x00000000ec380000)
 ParOldGen       total 44032K, used 2907K [0x00000000c1200000, 0x00000000c3d00000, 0x00000000eb100000)
  object space 44032K, 6% used [0x00000000c1200000,0x00000000c14d6d30,0x00000000c3d00000)
 Metaspace       used 15557K, capacity 16170K, committed 16384K, reserved 1062912K
  class space    used 2331K, capacity 2469K, committed 2560K, reserved 1048576K
}
Event: 19.757 GC heap before
{Heap before GC invocations=3 (full 0):
 PSYoungGen      total 18944K, used 18912K [0x00000000eb100000, 0x00000000ec600000, 0x0000000100000000)
  eden space 16384K, 100% used [0x00000000eb100000,0x00000000ec100000,0x00000000ec100000)
  from space 2560K, 98% used [0x00000000ec380000,0x00000000ec5f8020,0x00000000ec600000)
  to   space 2560K, 0% used [0x00000000ec100000,0x00000000ec100000,0x00000000ec380000)
 ParOldGen       total 44032K, used 2907K [0x00000000c1200000, 0x00000000c3d00000, 0x00000000eb100000)
  object space 44032K, 6% used [0x00000000c1200000,0x00000000c14d6d30,0x00000000c3d00000)
 Metaspace       used 19981K, capacity 20700K, committed 20992K, reserved 1067008K
  class space    used 2750K, capacity 2970K, committed 3072K, reserved 1048576K
Event: 19.771 GC heap after
Heap after GC invocations=3 (full 0):
 PSYoungGen      total 18944K, used 2528K [0x00000000eb100000, 0x00000000ec600000, 0x0000000100000000)
  eden space 16384K, 0% used [0x00000000eb100000,0x00000000eb100000,0x00000000ec100000)
  from space 2560K, 98% used [0x00000000ec100000,0x00000000ec378050,0x00000000ec380000)
  to   space 2560K, 0% used [0x00000000ec380000,0x00000000ec380000,0x00000000ec600000)
 ParOldGen       total 44032K, used 10396K [0x00000000c1200000, 0x00000000c3d00000, 0x00000000eb100000)
  object space 44032K, 23% used [0x00000000c1200000,0x00000000c1c27098,0x00000000c3d00000)
 Metaspace       used 19981K, capacity 20700K, committed 20992K, reserved 1067008K
  class space    used 2750K, capacity 2970K, committed 3072K, reserved 1048576K
}
Event: 20.377 GC heap before
{Heap before GC invocations=4 (full 0):
 PSYoungGen      total 18944K, used 10012K [0x00000000eb100000, 0x00000000ec600000, 0x0000000100000000)
  eden space 16384K, 45% used [0x00000000eb100000,0x00000000eb84f288,0x00000000ec100000)
  from space 2560K, 98% used [0x00000000ec100000,0x00000000ec378050,0x00000000ec380000)
  to   space 2560K, 0% used [0x00000000ec380000,0x00000000ec380000,0x00000000ec600000)
 ParOldGen       total 44032K, used 10396K [0x00000000c1200000, 0x00000000c3d00000, 0x00000000eb100000)
  object space 44032K, 23% used [0x00000000c1200000,0x00000000c1c27098,0x00000000c3d00000)
 Metaspace       used 20351K, capacity 21062K, committed 21248K, reserved 1067008K
  class space    used 2770K, capacity 2977K, committed 3072K, reserved 1048576K
Event: 20.403 GC heap after
Heap after GC invocations=4 (full 0):
 PSYoungGen      total 18944K, used 2528K [0x00000000eb100000, 0x00000000ed600000, 0x0000000100000000)
  eden space 16384K, 0% used [0x00000000eb100000,0x00000000eb100000,0x00000000ec100000)
  from space 2560K, 98% used [0x00000000ec380000,0x00000000ec5f8030,0x00000000ec600000)
  to   space 2560K, 0% used [0x00000000ec100000,0x00000000ec100000,0x00000000ec380000)
 ParOldGen       total 44032K, used 16615K [0x00000000c1200000, 0x00000000c3d00000, 0x00000000eb100000)
  object space 44032K, 37% used [0x00000000c1200000,0x00000000c2239e60,0x00000000c3d00000)
 Metaspace       used 20351K, capacity 21062K, committed 21248K, reserved 1067008K
  class space    used 2770K, capacity 2977K, committed 3072K, reserved 1048576K
}
Event: 20.403 GC heap before
{Heap before GC invocations=5 (full 1):
 PSYoungGen      total 18944K, used 2528K [0x00000000eb100000, 0x00000000ed600000, 0x0000000100000000)
  eden space 16384K, 0% used [0x00000000eb100000,0x00000000eb100000,0x00000000ec100000)
  from space 2560K, 98% used [0x00000000ec380000,0x00000000ec5f8030,0x00000000ec600000)
  to   space 2560K, 0% used [0x00000000ec100000,0x00000000ec100000,0x00000000ec380000)
 ParOldGen       total 44032K, used 16615K [0x00000000c1200000, 0x00000000c3d00000, 0x00000000eb100000)
  object space 44032K, 37% used [0x00000000c1200000,0x00000000c2239e60,0x00000000c3d00000)
 Metaspace       used 20351K, capacity 21062K, committed 21248K, reserved 1067008K
  class space    used 2770K, capacity 2977K, committed 3072K, reserved 1048576K
Event: 20.471 GC heap after
Heap after GC invocations=5 (full 1):
 PSYoungGen      total 18944K, used 0K [0x00000000eb100000, 0x00000000ed600000, 0x0000000100000000)
  eden space 16384K, 0% used [0x00000000eb100000,0x00000000eb100000,0x00000000ec100000)
  from space 2560K, 0% used [0x00000000ec380000,0x00000000ec380000,0x00000000ec600000)
  to   space 2560K, 0% used [0x00000000ec100000,0x00000000ec100000,0x00000000ec380000)
 ParOldGen       total 46592K, used 16329K [0x00000000c1200000, 0x00000000c3f80000, 0x00000000eb100000)
  object space 46592K, 35% used [0x00000000c1200000,0x00000000c21f2560,0x00000000c3f80000)
 Metaspace       used 20351K, capacity 21062K, committed 21248K, reserved 1067008K
  class space    used 2770K, capacity 2977K, committed 3072K, reserved 1048576K
}

